<?xml version="1.0" encoding="UTF-8"?>
<coverage generated="1662420201624" clover="3.2.0">
  <project timestamp="1662420201624" name="All files">
    <metrics statements="66" coveredstatements="42" conditionals="18" coveredconditionals="6" methods="40" coveredmethods="18" elements="124" coveredelements="66" complexity="0" loc="66" ncloc="66" packages="10" files="10" classes="10"/>
    <package name="src">
      <metrics statements="1" coveredstatements="1" conditionals="0" coveredconditionals="0" methods="1" coveredmethods="1"/>
      <file name="App.js" path="/Users/venkateshvenki/Documents/Vivek TCS/git-virgin-atla/virgin-atlantic-excercise/virgin-atlantic/src/App.js">
        <metrics statements="1" coveredstatements="1" conditionals="0" coveredconditionals="0" methods="1" coveredmethods="1"/>
        <line num="17" count="1" type="stmt"/>
      </file>
    </package>
    <package name="src.Components.About">
      <metrics statements="1" coveredstatements="1" conditionals="0" coveredconditionals="0" methods="1" coveredmethods="1"/>
      <file name="About.js" path="/Users/venkateshvenki/Documents/Vivek TCS/git-virgin-atla/virgin-atlantic-excercise/virgin-atlantic/src/Components/About/About.js">
        <metrics statements="1" coveredstatements="1" conditionals="0" coveredconditionals="0" methods="1" coveredmethods="1"/>
        <line num="4" count="1" type="stmt"/>
      </file>
    </package>
    <package name="src.Components.Contact">
      <metrics statements="1" coveredstatements="1" conditionals="0" coveredconditionals="0" methods="1" coveredmethods="1"/>
      <file name="Contact.js" path="/Users/venkateshvenki/Documents/Vivek TCS/git-virgin-atla/virgin-atlantic-excercise/virgin-atlantic/src/Components/Contact/Contact.js">
        <metrics statements="1" coveredstatements="1" conditionals="0" coveredconditionals="0" methods="1" coveredmethods="1"/>
        <line num="4" count="1" type="stmt"/>
      </file>
    </package>
    <package name="src.Components.CustomCard">
      <metrics statements="1" coveredstatements="1" conditionals="0" coveredconditionals="0" methods="1" coveredmethods="1"/>
      <file name="CustomCard.js" path="/Users/venkateshvenki/Documents/Vivek TCS/git-virgin-atla/virgin-atlantic-excercise/virgin-atlantic/src/Components/CustomCard/CustomCard.js">
        <metrics statements="1" coveredstatements="1" conditionals="0" coveredconditionals="0" methods="1" coveredmethods="1"/>
        <line num="8" count="1" type="stmt"/>
      </file>
    </package>
    <package name="src.Components.Home">
      <metrics statements="35" coveredstatements="19" conditionals="18" coveredconditionals="6" methods="21" coveredmethods="4"/>
      <file name="Home.js" path="/Users/venkateshvenki/Documents/Vivek TCS/git-virgin-atla/virgin-atlantic-excercise/virgin-atlantic/src/Components/Home/Home.js">
        <metrics statements="35" coveredstatements="19" conditionals="18" coveredconditionals="6" methods="21" coveredmethods="4"/>
        <line num="12" count="4" type="stmt"/>
        <line num="13" count="4" type="stmt"/>
        <line num="14" count="4" type="stmt"/>
        <line num="21" count="4" type="stmt"/>
        <line num="23" count="4" type="stmt"/>
        <line num="26" count="4" type="stmt"/>
        <line num="27" count="2" type="stmt"/>
        <line num="28" count="2" type="stmt"/>
        <line num="32" count="4" type="stmt"/>
        <line num="33" count="0" type="stmt"/>
        <line num="34" count="0" type="stmt"/>
        <line num="39" count="4" type="stmt"/>
        <line num="40" count="0" type="stmt"/>
        <line num="41" count="0" type="cond" truecount="0" falsecount="2"/>
        <line num="42" count="0" type="stmt"/>
        <line num="44" count="0" type="stmt"/>
        <line num="46" count="0" type="stmt"/>
        <line num="47" count="0" type="stmt"/>
        <line num="52" count="4" type="stmt"/>
        <line num="53" count="0" type="stmt"/>
        <line num="54" count="0" type="stmt"/>
        <line num="59" count="4" type="stmt"/>
        <line num="60" count="2" type="cond" truecount="1" falsecount="1"/>
        <line num="61" count="0" type="cond" truecount="0" falsecount="2"/>
        <line num="63" count="2" type="cond" truecount="1" falsecount="1"/>
        <line num="64" count="0" type="cond" truecount="0" falsecount="2"/>
        <line num="66" count="2" type="stmt"/>
        <line num="67" count="0" type="cond" truecount="0" falsecount="2"/>
        <line num="69" count="2" type="stmt"/>
        <line num="72" count="4" type="stmt"/>
        <line num="73" count="2" type="stmt"/>
        <line num="76" count="4" type="stmt"/>
        <line num="100" count="0" type="stmt"/>
        <line num="109" count="0" type="stmt"/>
        <line num="126" count="0" type="stmt"/>
      </file>
    </package>
    <package name="src.Components.Loadingspinner">
      <metrics statements="1" coveredstatements="1" conditionals="0" coveredconditionals="0" methods="1" coveredmethods="1"/>
      <file name="Loadingspinner.js" path="/Users/venkateshvenki/Documents/Vivek TCS/git-virgin-atla/virgin-atlantic-excercise/virgin-atlantic/src/Components/Loadingspinner/Loadingspinner.js">
        <metrics statements="1" coveredstatements="1" conditionals="0" coveredconditionals="0" methods="1" coveredmethods="1"/>
        <line num="5" count="1" type="stmt"/>
      </file>
    </package>
    <package name="src.Components.NavBar">
      <metrics statements="6" coveredstatements="6" conditionals="0" coveredconditionals="0" methods="4" coveredmethods="4"/>
      <file name="NavBar.js" path="/Users/venkateshvenki/Documents/Vivek TCS/git-virgin-atla/virgin-atlantic-excercise/virgin-atlantic/src/Components/NavBar/NavBar.js">
        <metrics statements="6" coveredstatements="6" conditionals="0" coveredconditionals="0" methods="4" coveredmethods="4"/>
        <line num="8" count="2" type="stmt"/>
        <line num="9" count="5" type="stmt"/>
        <line num="10" count="5" type="stmt"/>
        <line num="12" count="1" type="stmt"/>
        <line num="15" count="1" type="stmt"/>
        <line num="16" count="1" type="stmt"/>
      </file>
    </package>
    <package name="src.Components.Search">
      <metrics statements="17" coveredstatements="9" conditionals="0" coveredconditionals="0" methods="7" coveredmethods="2"/>
      <file name="Search.js" path="/Users/venkateshvenki/Documents/Vivek TCS/git-virgin-atla/virgin-atlantic-excercise/virgin-atlantic/src/Components/Search/Search.js">
        <metrics statements="17" coveredstatements="9" conditionals="0" coveredconditionals="0" methods="7" coveredmethods="2"/>
        <line num="7" count="8" type="stmt"/>
        <line num="8" count="8" type="stmt"/>
        <line num="9" count="8" type="stmt"/>
        <line num="10" count="8" type="stmt"/>
        <line num="22" count="8" type="stmt"/>
        <line num="23" count="0" type="stmt"/>
        <line num="24" count="0" type="stmt"/>
        <line num="25" count="0" type="stmt"/>
        <line num="29" count="8" type="stmt"/>
        <line num="30" count="0" type="stmt"/>
        <line num="31" count="0" type="stmt"/>
        <line num="35" count="8" type="stmt"/>
        <line num="36" count="0" type="stmt"/>
        <line num="37" count="0" type="stmt"/>
        <line num="38" count="0" type="stmt"/>
        <line num="41" count="8" type="stmt"/>
        <line num="48" count="32" type="stmt"/>
      </file>
    </package>
    <package name="src.Components.StarComponent">
      <metrics statements="2" coveredstatements="2" conditionals="0" coveredconditionals="0" methods="2" coveredmethods="2"/>
      <file name="StarComponent.js" path="/Users/venkateshvenki/Documents/Vivek TCS/git-virgin-atla/virgin-atlantic-excercise/virgin-atlantic/src/Components/StarComponent/StarComponent.js">
        <metrics statements="2" coveredstatements="2" conditionals="0" coveredconditionals="0" methods="2" coveredmethods="2"/>
        <line num="5" count="1" type="stmt"/>
        <line num="6" count="1" type="stmt"/>
      </file>
    </package>
    <package name="src.asset">
      <metrics statements="1" coveredstatements="1" conditionals="0" coveredconditionals="0" methods="1" coveredmethods="1"/>
      <file name="Star.js" path="/Users/venkateshvenki/Documents/Vivek TCS/git-virgin-atla/virgin-atlantic-excercise/virgin-atlantic/src/asset/Star.js">
        <metrics statements="1" coveredstatements="1" conditionals="0" coveredconditionals="0" methods="1" coveredmethods="1"/>
        <line num="4" count="1" type="stmt"/>
      </file>
    </package>
  </project>
</coverage>
