{"/Users/venkateshvenki/Documents/Vivek TCS/git-virgin-atla/virgin-atlantic-excercise/virgin-atlantic/src/App.js": {"path":"/Users/venkateshvenki/Documents/Vivek TCS/git-virgin-atla/virgin-atlantic-excercise/virgin-atlantic/src/App.js","statementMap":{"0":{"start":{"line":17,"column":2},"end":{"line":29,"column":4}}},"fnMap":{"0":{"name":"App","decl":{"start":{"line":15,"column":9},"end":{"line":15,"column":12}},"loc":{"start":{"line":15,"column":15},"end":{"line":30,"column":1}},"line":15}},"branchMap":{},"s":{"0":1},"f":{"0":1},"b":{},"_coverageSchema":"1a1c01bbd47fc00a2c39e90264f33305004495a9","hash":"af2211759e60e3c65c0a8df7e962efa140f1aea3"}
,"/Users/venkateshvenki/Documents/Vivek TCS/git-virgin-atla/virgin-atlantic-excercise/virgin-atlantic/src/Components/About/About.js": {"path":"/Users/venkateshvenki/Documents/Vivek TCS/git-virgin-atla/virgin-atlantic-excercise/virgin-atlantic/src/Components/About/About.js","statementMap":{"0":{"start":{"line":4,"column":2},"end":{"line":6,"column":3}}},"fnMap":{"0":{"name":"About","decl":{"start":{"line":3,"column":24},"end":{"line":3,"column":29}},"loc":{"start":{"line":3,"column":32},"end":{"line":7,"column":1}},"line":3}},"branchMap":{},"s":{"0":1},"f":{"0":1},"b":{},"_coverageSchema":"1a1c01bbd47fc00a2c39e90264f33305004495a9","hash":"7502361509cda933370ebd20a2974b2253d52f20"}
,"/Users/venkateshvenki/Documents/Vivek TCS/git-virgin-atla/virgin-atlantic-excercise/virgin-atlantic/src/Components/Contact/Contact.js": {"path":"/Users/venkateshvenki/Documents/Vivek TCS/git-virgin-atla/virgin-atlantic-excercise/virgin-atlantic/src/Components/Contact/Contact.js","statementMap":{"0":{"start":{"line":4,"column":2},"end":{"line":6,"column":3}}},"fnMap":{"0":{"name":"Contact","decl":{"start":{"line":3,"column":24},"end":{"line":3,"column":31}},"loc":{"start":{"line":3,"column":34},"end":{"line":7,"column":1}},"line":3}},"branchMap":{},"s":{"0":1},"f":{"0":1},"b":{},"_coverageSchema":"1a1c01bbd47fc00a2c39e90264f33305004495a9","hash":"1c68f740f5e96798a17ca2612999ca42e6bb0905"}
,"/Users/venkateshvenki/Documents/Vivek TCS/git-virgin-atla/virgin-atlantic-excercise/virgin-atlantic/src/Components/CustomCard/CustomCard.js": {"path":"/Users/venkateshvenki/Documents/Vivek TCS/git-virgin-atla/virgin-atlantic-excercise/virgin-atlantic/src/Components/CustomCard/CustomCard.js","statementMap":{"0":{"start":{"line":8,"column":2},"end":{"line":22,"column":3}}},"fnMap":{"0":{"name":"CustomCard","decl":{"start":{"line":6,"column":24},"end":{"line":6,"column":34}},"loc":{"start":{"line":6,"column":43},"end":{"line":23,"column":1}},"line":6}},"branchMap":{},"s":{"0":1},"f":{"0":1},"b":{},"_coverageSchema":"1a1c01bbd47fc00a2c39e90264f33305004495a9","hash":"ba68bc202462712740f39b9e6efa93c046cdc261"}
,"/Users/venkateshvenki/Documents/Vivek TCS/git-virgin-atla/virgin-atlantic-excercise/virgin-atlantic/src/Components/Home/Home.js": {"path":"/Users/venkateshvenki/Documents/Vivek TCS/git-virgin-atla/virgin-atlantic-excercise/virgin-atlantic/src/Components/Home/Home.js","statementMap":{"0":{"start":{"line":12,"column":26},"end":{"line":12,"column":38}},"1":{"start":{"line":13,"column":46},"end":{"line":13,"column":58}},"2":{"start":{"line":14,"column":46},"end":{"line":18,"column":4}},"3":{"start":{"line":21,"column":14},"end":{"line":21,"column":39}},"4":{"start":{"line":23,"column":35},"end":{"line":23,"column":38}},"5":{"start":{"line":26,"column":2},"end":{"line":29,"column":18}},"6":{"start":{"line":27,"column":4},"end":{"line":27,"column":23}},"7":{"start":{"line":28,"column":4},"end":{"line":28,"column":96}},"8":{"start":{"line":28,"column":54},"end":{"line":28,"column":85}},"9":{"start":{"line":32,"column":22},"end":{"line":36,"column":3}},"10":{"start":{"line":33,"column":4},"end":{"line":35,"column":6}},"11":{"start":{"line":34,"column":6},"end":{"line":34,"column":37}},"12":{"start":{"line":39,"column":26},"end":{"line":49,"column":3}},"13":{"start":{"line":40,"column":25},"end":{"line":40,"column":65}},"14":{"start":{"line":41,"column":4},"end":{"line":45,"column":5}},"15":{"start":{"line":42,"column":6},"end":{"line":42,"column":78}},"16":{"start":{"line":42,"column":53},"end":{"line":42,"column":76}},"17":{"start":{"line":44,"column":6},"end":{"line":44,"column":42}},"18":{"start":{"line":46,"column":4},"end":{"line":48,"column":6}},"19":{"start":{"line":47,"column":6},"end":{"line":47,"column":50}},"20":{"start":{"line":52,"column":23},"end":{"line":56,"column":9}},"21":{"start":{"line":53,"column":4},"end":{"line":55,"column":6}},"22":{"start":{"line":54,"column":6},"end":{"line":54,"column":47}},"23":{"start":{"line":59,"column":23},"end":{"line":70,"column":17}},"24":{"start":{"line":60,"column":29},"end":{"line":62,"column":19}},"25":{"start":{"line":61,"column":6},"end":{"line":61,"column":67}},"26":{"start":{"line":63,"column":31},"end":{"line":65,"column":24}},"27":{"start":{"line":64,"column":6},"end":{"line":64,"column":129}},"28":{"start":{"line":64,"column":94},"end":{"line":64,"column":128}},"29":{"start":{"line":64,"column":120},"end":{"line":64,"column":127}},"30":{"start":{"line":66,"column":33},"end":{"line":68,"column":6}},"31":{"start":{"line":67,"column":6},"end":{"line":67,"column":85}},"32":{"start":{"line":69,"column":4},"end":{"line":69,"column":34}},"33":{"start":{"line":72,"column":2},"end":{"line":74,"column":37}},"34":{"start":{"line":73,"column":4},"end":{"line":73,"column":32}},"35":{"start":{"line":76,"column":2},"end":{"line":134,"column":3}},"36":{"start":{"line":100,"column":20},"end":{"line":100,"column":129}},"37":{"start":{"line":100,"column":47},"end":{"line":100,"column":61}},"38":{"start":{"line":109,"column":20},"end":{"line":119,"column":26}},"39":{"start":{"line":126,"column":16},"end":{"line":126,"column":67}}},"fnMap":{"0":{"name":"Home","decl":{"start":{"line":11,"column":24},"end":{"line":11,"column":28}},"loc":{"start":{"line":11,"column":31},"end":{"line":135,"column":1}},"line":11},"1":{"name":"(anonymous_1)","decl":{"start":{"line":26,"column":12},"end":{"line":26,"column":13}},"loc":{"start":{"line":26,"column":18},"end":{"line":29,"column":3}},"line":26},"2":{"name":"(anonymous_2)","decl":{"start":{"line":28,"column":49},"end":{"line":28,"column":50}},"loc":{"start":{"line":28,"column":54},"end":{"line":28,"column":85}},"line":28},"3":{"name":"(anonymous_3)","decl":{"start":{"line":32,"column":22},"end":{"line":32,"column":23}},"loc":{"start":{"line":32,"column":33},"end":{"line":36,"column":3}},"line":32},"4":{"name":"(anonymous_4)","decl":{"start":{"line":33,"column":22},"end":{"line":33,"column":23}},"loc":{"start":{"line":33,"column":30},"end":{"line":35,"column":5}},"line":33},"5":{"name":"(anonymous_5)","decl":{"start":{"line":39,"column":26},"end":{"line":39,"column":27}},"loc":{"start":{"line":39,"column":33},"end":{"line":49,"column":3}},"line":39},"6":{"name":"(anonymous_6)","decl":{"start":{"line":42,"column":45},"end":{"line":42,"column":46}},"loc":{"start":{"line":42,"column":53},"end":{"line":42,"column":76}},"line":42},"7":{"name":"(anonymous_7)","decl":{"start":{"line":46,"column":22},"end":{"line":46,"column":23}},"loc":{"start":{"line":46,"column":30},"end":{"line":48,"column":5}},"line":46},"8":{"name":"(anonymous_8)","decl":{"start":{"line":52,"column":32},"end":{"line":52,"column":33}},"loc":{"start":{"line":52,"column":39},"end":{"line":56,"column":3}},"line":52},"9":{"name":"(anonymous_9)","decl":{"start":{"line":53,"column":22},"end":{"line":53,"column":23}},"loc":{"start":{"line":53,"column":30},"end":{"line":55,"column":5}},"line":53},"10":{"name":"(anonymous_10)","decl":{"start":{"line":59,"column":35},"end":{"line":59,"column":36}},"loc":{"start":{"line":59,"column":45},"end":{"line":70,"column":3}},"line":59},"11":{"name":"(anonymous_11)","decl":{"start":{"line":60,"column":65},"end":{"line":60,"column":66}},"loc":{"start":{"line":60,"column":71},"end":{"line":62,"column":5}},"line":60},"12":{"name":"(anonymous_12)","decl":{"start":{"line":63,"column":81},"end":{"line":63,"column":82}},"loc":{"start":{"line":63,"column":87},"end":{"line":65,"column":5}},"line":63},"13":{"name":"(anonymous_13)","decl":{"start":{"line":64,"column":87},"end":{"line":64,"column":88}},"loc":{"start":{"line":64,"column":94},"end":{"line":64,"column":128}},"line":64},"14":{"name":"(anonymous_14)","decl":{"start":{"line":64,"column":113},"end":{"line":64,"column":114}},"loc":{"start":{"line":64,"column":120},"end":{"line":64,"column":127}},"line":64},"15":{"name":"(anonymous_15)","decl":{"start":{"line":66,"column":59},"end":{"line":66,"column":60}},"loc":{"start":{"line":66,"column":65},"end":{"line":68,"column":5}},"line":66},"16":{"name":"(anonymous_16)","decl":{"start":{"line":72,"column":12},"end":{"line":72,"column":13}},"loc":{"start":{"line":72,"column":17},"end":{"line":74,"column":4}},"line":72},"17":{"name":"(anonymous_17)","decl":{"start":{"line":99,"column":39},"end":{"line":99,"column":40}},"loc":{"start":{"line":99,"column":46},"end":{"line":101,"column":19}},"line":99},"18":{"name":"(anonymous_18)","decl":{"start":{"line":100,"column":41},"end":{"line":100,"column":42}},"loc":{"start":{"line":100,"column":47},"end":{"line":100,"column":61}},"line":100},"19":{"name":"(anonymous_19)","decl":{"start":{"line":108,"column":38},"end":{"line":108,"column":39}},"loc":{"start":{"line":109,"column":20},"end":{"line":119,"column":26}},"line":109},"20":{"name":"(anonymous_20)","decl":{"start":{"line":125,"column":24},"end":{"line":125,"column":25}},"loc":{"start":{"line":125,"column":30},"end":{"line":127,"column":15}},"line":125}},"branchMap":{"0":{"loc":{"start":{"line":41,"column":4},"end":{"line":45,"column":5}},"type":"if","locations":[{"start":{"line":41,"column":4},"end":{"line":45,"column":5}},{"start":{"line":43,"column":9},"end":{"line":45,"column":5}}],"line":41},"1":{"loc":{"start":{"line":60,"column":29},"end":{"line":62,"column":19}},"type":"cond-expr","locations":[{"start":{"line":60,"column":47},"end":{"line":62,"column":6}},{"start":{"line":62,"column":9},"end":{"line":62,"column":19}}],"line":60},"2":{"loc":{"start":{"line":61,"column":13},"end":{"line":61,"column":67}},"type":"binary-expr","locations":[{"start":{"line":61,"column":13},"end":{"line":61,"column":30}},{"start":{"line":61,"column":34},"end":{"line":61,"column":67}}],"line":61},"3":{"loc":{"start":{"line":63,"column":31},"end":{"line":65,"column":24}},"type":"cond-expr","locations":[{"start":{"line":63,"column":58},"end":{"line":65,"column":6}},{"start":{"line":65,"column":9},"end":{"line":65,"column":24}}],"line":63},"4":{"loc":{"start":{"line":64,"column":13},"end":{"line":64,"column":129}},"type":"binary-expr","locations":[{"start":{"line":64,"column":13},"end":{"line":64,"column":45}},{"start":{"line":64,"column":49},"end":{"line":64,"column":129}}],"line":64},"5":{"loc":{"start":{"line":67,"column":13},"end":{"line":67,"column":85}},"type":"binary-expr","locations":[{"start":{"line":67,"column":13},"end":{"line":67,"column":40}},{"start":{"line":67,"column":44},"end":{"line":67,"column":85}}],"line":67},"6":{"loc":{"start":{"line":79,"column":7},"end":{"line":130,"column":14}},"type":"binary-expr","locations":[{"start":{"line":79,"column":7},"end":{"line":79,"column":16}},{"start":{"line":80,"column":8},"end":{"line":130,"column":14}}],"line":79},"7":{"loc":{"start":{"line":82,"column":13},"end":{"line":123,"column":18}},"type":"binary-expr","locations":[{"start":{"line":82,"column":13},"end":{"line":82,"column":34}},{"start":{"line":82,"column":38},"end":{"line":123,"column":18}}],"line":82},"8":{"loc":{"start":{"line":132,"column":7},"end":{"line":132,"column":37}},"type":"binary-expr","locations":[{"start":{"line":132,"column":7},"end":{"line":132,"column":15}},{"start":{"line":132,"column":19},"end":{"line":132,"column":37}}],"line":132}},"s":{"0":4,"1":4,"2":4,"3":4,"4":4,"5":4,"6":2,"7":2,"8":0,"9":4,"10":0,"11":0,"12":4,"13":0,"14":0,"15":0,"16":0,"17":0,"18":0,"19":0,"20":4,"21":0,"22":0,"23":4,"24":2,"25":0,"26":2,"27":0,"28":0,"29":0,"30":2,"31":0,"32":2,"33":4,"34":2,"35":4,"36":0,"37":0,"38":0,"39":0},"f":{"0":4,"1":2,"2":0,"3":0,"4":0,"5":0,"6":0,"7":0,"8":0,"9":0,"10":2,"11":0,"12":0,"13":0,"14":0,"15":0,"16":2,"17":0,"18":0,"19":0,"20":0},"b":{"0":[0,0],"1":[0,2],"2":[0,0],"3":[0,2],"4":[0,0],"5":[0,0],"6":[4,4],"7":[4,0],"8":[4,0]},"_coverageSchema":"1a1c01bbd47fc00a2c39e90264f33305004495a9","hash":"7515f95aa6db4974949c69621e88063347a211ce"}
,"/Users/venkateshvenki/Documents/Vivek TCS/git-virgin-atla/virgin-atlantic-excercise/virgin-atlantic/src/Components/Loadingspinner/Loadingspinner.js": {"path":"/Users/venkateshvenki/Documents/Vivek TCS/git-virgin-atla/virgin-atlantic-excercise/virgin-atlantic/src/Components/Loadingspinner/Loadingspinner.js","statementMap":{"0":{"start":{"line":5,"column":2},"end":{"line":9,"column":4}}},"fnMap":{"0":{"name":"LoadingSpinner","decl":{"start":{"line":4,"column":24},"end":{"line":4,"column":38}},"loc":{"start":{"line":4,"column":41},"end":{"line":10,"column":1}},"line":4}},"branchMap":{},"s":{"0":1},"f":{"0":1},"b":{},"_coverageSchema":"1a1c01bbd47fc00a2c39e90264f33305004495a9","hash":"2868adfeaa439b74f1cfe30e1f9bff7631751624"}
,"/Users/venkateshvenki/Documents/Vivek TCS/git-virgin-atla/virgin-atlantic-excercise/virgin-atlantic/src/Components/NavBar/NavBar.js": {"path":"/Users/venkateshvenki/Documents/Vivek TCS/git-virgin-atla/virgin-atlantic-excercise/virgin-atlantic/src/Components/NavBar/NavBar.js","statementMap":{"0":{"start":{"line":8,"column":15},"end":{"line":19,"column":1}},"1":{"start":{"line":9,"column":20},"end":{"line":9,"column":32}},"2":{"start":{"line":10,"column":4},"end":{"line":18,"column":8}},"3":{"start":{"line":12,"column":69},"end":{"line":12,"column":91}},"4":{"start":{"line":15,"column":55},"end":{"line":15,"column":78}},"5":{"start":{"line":16,"column":55},"end":{"line":16,"column":80}}},"fnMap":{"0":{"name":"(anonymous_0)","decl":{"start":{"line":8,"column":15},"end":{"line":8,"column":16}},"loc":{"start":{"line":8,"column":21},"end":{"line":19,"column":1}},"line":8},"1":{"name":"(anonymous_1)","decl":{"start":{"line":12,"column":65},"end":{"line":12,"column":66}},"loc":{"start":{"line":12,"column":69},"end":{"line":12,"column":91}},"line":12},"2":{"name":"(anonymous_2)","decl":{"start":{"line":15,"column":51},"end":{"line":15,"column":52}},"loc":{"start":{"line":15,"column":55},"end":{"line":15,"column":78}},"line":15},"3":{"name":"(anonymous_3)","decl":{"start":{"line":16,"column":51},"end":{"line":16,"column":52}},"loc":{"start":{"line":16,"column":55},"end":{"line":16,"column":80}},"line":16}},"branchMap":{},"s":{"0":2,"1":5,"2":5,"3":1,"4":1,"5":1},"f":{"0":5,"1":1,"2":1,"3":1},"b":{},"_coverageSchema":"1a1c01bbd47fc00a2c39e90264f33305004495a9","hash":"52ad6fb5d85eb88e20f15f6db4605975c5ae6656"}
,"/Users/venkateshvenki/Documents/Vivek TCS/git-virgin-atla/virgin-atlantic-excercise/virgin-atlantic/src/Components/Search/Search.js": {"path":"/Users/venkateshvenki/Documents/Vivek TCS/git-virgin-atla/virgin-atlantic-excercise/virgin-atlantic/src/Components/Search/Search.js","statementMap":{"0":{"start":{"line":7,"column":36},"end":{"line":7,"column":80}},"1":{"start":{"line":8,"column":16},"end":{"line":8,"column":41}},"2":{"start":{"line":9,"column":20},"end":{"line":9,"column":57}},"3":{"start":{"line":10,"column":24},"end":{"line":20,"column":5}},"4":{"start":{"line":22,"column":29},"end":{"line":27,"column":5}},"5":{"start":{"line":23,"column":8},"end":{"line":23,"column":39}},"6":{"start":{"line":24,"column":8},"end":{"line":26,"column":10}},"7":{"start":{"line":25,"column":12},"end":{"line":25,"column":65}},"8":{"start":{"line":29,"column":25},"end":{"line":33,"column":5}},"9":{"start":{"line":30,"column":8},"end":{"line":32,"column":10}},"10":{"start":{"line":31,"column":12},"end":{"line":31,"column":57}},"11":{"start":{"line":35,"column":21},"end":{"line":39,"column":5}},"12":{"start":{"line":36,"column":8},"end":{"line":36,"column":26}},"13":{"start":{"line":37,"column":25},"end":{"line":37,"column":152}},"14":{"start":{"line":38,"column":8},"end":{"line":38,"column":30}},"15":{"start":{"line":41,"column":4},"end":{"line":62,"column":5}},"16":{"start":{"line":48,"column":29},"end":{"line":48,"column":76}}},"fnMap":{"0":{"name":"Search","decl":{"start":{"line":6,"column":24},"end":{"line":6,"column":30}},"loc":{"start":{"line":6,"column":33},"end":{"line":63,"column":1}},"line":6},"1":{"name":"(anonymous_1)","decl":{"start":{"line":22,"column":29},"end":{"line":22,"column":30}},"loc":{"start":{"line":22,"column":40},"end":{"line":27,"column":5}},"line":22},"2":{"name":"(anonymous_2)","decl":{"start":{"line":24,"column":17},"end":{"line":24,"column":18}},"loc":{"start":{"line":24,"column":30},"end":{"line":26,"column":9}},"line":24},"3":{"name":"(anonymous_3)","decl":{"start":{"line":29,"column":25},"end":{"line":29,"column":26}},"loc":{"start":{"line":29,"column":32},"end":{"line":33,"column":5}},"line":29},"4":{"name":"(anonymous_4)","decl":{"start":{"line":30,"column":17},"end":{"line":30,"column":18}},"loc":{"start":{"line":30,"column":30},"end":{"line":32,"column":9}},"line":30},"5":{"name":"(anonymous_5)","decl":{"start":{"line":35,"column":21},"end":{"line":35,"column":22}},"loc":{"start":{"line":35,"column":28},"end":{"line":39,"column":5}},"line":35},"6":{"name":"(anonymous_6)","decl":{"start":{"line":47,"column":76},"end":{"line":47,"column":77}},"loc":{"start":{"line":48,"column":29},"end":{"line":48,"column":76}},"line":48}},"branchMap":{},"s":{"0":8,"1":8,"2":8,"3":8,"4":8,"5":0,"6":0,"7":0,"8":8,"9":0,"10":0,"11":8,"12":0,"13":0,"14":0,"15":8,"16":32},"f":{"0":8,"1":0,"2":0,"3":0,"4":0,"5":0,"6":32},"b":{},"_coverageSchema":"1a1c01bbd47fc00a2c39e90264f33305004495a9","hash":"670b4a428d33d38dc1ce7f1ba990d76c9f4d3efd"}
,"/Users/venkateshvenki/Documents/Vivek TCS/git-virgin-atla/virgin-atlantic-excercise/virgin-atlantic/src/Components/StarComponent/StarComponent.js": {"path":"/Users/venkateshvenki/Documents/Vivek TCS/git-virgin-atla/virgin-atlantic-excercise/virgin-atlantic/src/Components/StarComponent/StarComponent.js","statementMap":{"0":{"start":{"line":5,"column":2},"end":{"line":7,"column":3}},"1":{"start":{"line":6,"column":36},"end":{"line":6,"column":89}}},"fnMap":{"0":{"name":"StarComponent","decl":{"start":{"line":4,"column":24},"end":{"line":4,"column":37}},"loc":{"start":{"line":4,"column":47},"end":{"line":8,"column":1}},"line":4},"1":{"name":"(anonymous_1)","decl":{"start":{"line":6,"column":26},"end":{"line":6,"column":27}},"loc":{"start":{"line":6,"column":36},"end":{"line":6,"column":89}},"line":6}},"branchMap":{},"s":{"0":1,"1":1},"f":{"0":1,"1":1},"b":{},"_coverageSchema":"1a1c01bbd47fc00a2c39e90264f33305004495a9","hash":"4ce79278c45f3d3aa5c09e8fd4cc5cb9941f2c6e"}
,"/Users/venkateshvenki/Documents/Vivek TCS/git-virgin-atla/virgin-atlantic-excercise/virgin-atlantic/src/asset/Star.js": {"path":"/Users/venkateshvenki/Documents/Vivek TCS/git-virgin-atla/virgin-atlantic-excercise/virgin-atlantic/src/asset/Star.js","statementMap":{"0":{"start":{"line":4,"column":2},"end":{"line":9,"column":3}}},"fnMap":{"0":{"name":"Star","decl":{"start":{"line":3,"column":24},"end":{"line":3,"column":28}},"loc":{"start":{"line":3,"column":31},"end":{"line":10,"column":1}},"line":3}},"branchMap":{},"s":{"0":1},"f":{"0":1},"b":{},"_coverageSchema":"1a1c01bbd47fc00a2c39e90264f33305004495a9","hash":"767540b606a6eb33004854d95373352ce78370a2"}
}
