TN:
SF:src/App.js
FN:15,App
FNF:1
FNH:1
FNDA:1,App
DA:17,1
LF:1
LH:1
BRF:0
BRH:0
end_of_record
TN:
SF:src/Components/About/About.js
FN:3,About
FNF:1
FNH:1
FNDA:1,About
DA:4,1
LF:1
LH:1
BRF:0
BRH:0
end_of_record
TN:
SF:src/Components/Contact/Contact.js
FN:3,Contact
FNF:1
FNH:1
FNDA:1,Contact
DA:4,1
LF:1
LH:1
BRF:0
BRH:0
end_of_record
TN:
SF:src/Components/CustomCard/CustomCard.js
FN:6,CustomCard
FNF:1
FNH:1
FNDA:1,CustomCard
DA:8,1
LF:1
LH:1
BRF:0
BRH:0
end_of_record
TN:
SF:src/Components/Home/Home.js
FN:11,Home
FN:26,(anonymous_1)
FN:28,(anonymous_2)
FN:32,(anonymous_3)
FN:33,(anonymous_4)
FN:39,(anonymous_5)
FN:42,(anonymous_6)
FN:46,(anonymous_7)
FN:52,(anonymous_8)
FN:53,(anonymous_9)
FN:59,(anonymous_10)
FN:60,(anonymous_11)
FN:63,(anonymous_12)
FN:64,(anonymous_13)
FN:64,(anonymous_14)
FN:66,(anonymous_15)
FN:72,(anonymous_16)
FN:99,(anonymous_17)
FN:100,(anonymous_18)
FN:108,(anonymous_19)
FN:125,(anonymous_20)
FNF:21
FNH:4
FNDA:4,Home
FNDA:2,(anonymous_1)
FNDA:0,(anonymous_2)
FNDA:0,(anonymous_3)
FNDA:0,(anonymous_4)
FNDA:0,(anonymous_5)
FNDA:0,(anonymous_6)
FNDA:0,(anonymous_7)
FNDA:0,(anonymous_8)
FNDA:0,(anonymous_9)
FNDA:2,(anonymous_10)
FNDA:0,(anonymous_11)
FNDA:0,(anonymous_12)
FNDA:0,(anonymous_13)
FNDA:0,(anonymous_14)
FNDA:0,(anonymous_15)
FNDA:2,(anonymous_16)
FNDA:0,(anonymous_17)
FNDA:0,(anonymous_18)
FNDA:0,(anonymous_19)
FNDA:0,(anonymous_20)
DA:12,4
DA:13,4
DA:14,4
DA:21,4
DA:23,4
DA:26,4
DA:27,2
DA:28,2
DA:32,4
DA:33,0
DA:34,0
DA:39,4
DA:40,0
DA:41,0
DA:42,0
DA:44,0
DA:46,0
DA:47,0
DA:52,4
DA:53,0
DA:54,0
DA:59,4
DA:60,2
DA:61,0
DA:63,2
DA:64,0
DA:66,2
DA:67,0
DA:69,2
DA:72,4
DA:73,2
DA:76,4
DA:100,0
DA:109,0
DA:126,0
LF:35
LH:19
BRDA:41,0,0,0
BRDA:41,0,1,0
BRDA:60,1,0,0
BRDA:60,1,1,2
BRDA:61,2,0,0
BRDA:61,2,1,0
BRDA:63,3,0,0
BRDA:63,3,1,2
BRDA:64,4,0,0
BRDA:64,4,1,0
BRDA:67,5,0,0
BRDA:67,5,1,0
BRDA:79,6,0,4
BRDA:79,6,1,4
BRDA:82,7,0,4
BRDA:82,7,1,0
BRDA:132,8,0,4
BRDA:132,8,1,0
BRF:18
BRH:6
end_of_record
TN:
SF:src/Components/Loadingspinner/Loadingspinner.js
FN:4,LoadingSpinner
FNF:1
FNH:1
FNDA:1,LoadingSpinner
DA:5,1
LF:1
LH:1
BRF:0
BRH:0
end_of_record
TN:
SF:src/Components/NavBar/NavBar.js
FN:8,(anonymous_0)
FN:12,(anonymous_1)
FN:15,(anonymous_2)
FN:16,(anonymous_3)
FNF:4
FNH:4
FNDA:5,(anonymous_0)
FNDA:1,(anonymous_1)
FNDA:1,(anonymous_2)
FNDA:1,(anonymous_3)
DA:8,2
DA:9,5
DA:10,5
DA:12,1
DA:15,1
DA:16,1
LF:6
LH:6
BRF:0
BRH:0
end_of_record
TN:
SF:src/Components/Search/Search.js
FN:6,Search
FN:22,(anonymous_1)
FN:24,(anonymous_2)
FN:29,(anonymous_3)
FN:30,(anonymous_4)
FN:35,(anonymous_5)
FN:47,(anonymous_6)
FNF:7
FNH:2
FNDA:8,Search
FNDA:0,(anonymous_1)
FNDA:0,(anonymous_2)
FNDA:0,(anonymous_3)
FNDA:0,(anonymous_4)
FNDA:0,(anonymous_5)
FNDA:32,(anonymous_6)
DA:7,8
DA:8,8
DA:9,8
DA:10,8
DA:22,8
DA:23,0
DA:24,0
DA:25,0
DA:29,8
DA:30,0
DA:31,0
DA:35,8
DA:36,0
DA:37,0
DA:38,0
DA:41,8
DA:48,32
LF:17
LH:9
BRF:0
BRH:0
end_of_record
TN:
SF:src/Components/StarComponent/StarComponent.js
FN:4,StarComponent
FN:6,(anonymous_1)
FNF:2
FNH:2
FNDA:1,StarComponent
FNDA:1,(anonymous_1)
DA:5,1
DA:6,1
LF:2
LH:2
BRF:0
BRH:0
end_of_record
TN:
SF:src/asset/Star.js
FN:3,Star
FNF:1
FNH:1
FNDA:1,Star
DA:4,1
LF:1
LH:1
BRF:0
BRH:0
end_of_record
